

GNU Macro Assembler for 8 bit devices.       
                                                                                               Tue Nov 16 10:01:06 2021

GNU C Code Generator                                                 
     1                           	processor	FT61F14X
     2                           	opt	pw 120
     3                           	opt	pm
     4                           	psect	text0,local,class=CODE,merge=1,delta=2
     5                           	psect	cinit,global,class=CODE,merge=1,delta=2
     6                           	psect	cstackCOMMON,global,class=COMMON,space=1,delta=1
     7                           	psect	intentry,global,class=CODE,delta=2
     8                           	psect	text5,local,class=CODE,merge=1,delta=2
     9                           	psect	pa_nodes0,global,class=CODE,delta=2
    10                           	dabs	1,0x24,1,_CRC_H
    11                           	dabs	1,0x23,1,_CRC_L
    12                           	dabs	1,0x103,0,_uart_rxnef
    13                           	dabs	1,0x20,1
    14                           	dabs	1,0x102,0,_iap_ok_flag
    15                           	dabs	1,0x20,1
    16                           	dabs	1,0x101,0,_iap_err_flag
    17                           	dabs	1,0x20,1
    18                           	dabs	1,0x100,0,_read_flag
    19                           	dabs	1,0x20,1
    20                           	dabs	1,0x71,1,_BSR_TMP
    21                           	dabs	1,0x70,1,_W_TMP
    22                           	dabs	1,0x23,2,_CRC_16
    23                           	dabs	1,0x22,1,_iap_recdata
    24                           	dabs	1,0x21,1,_count
    25                           	dabs	1,0x20,1,_flag
    26                           	dabs	1,0x7E,2
    27  0000                     
    28                           ; Version 1.45
    29                           ; Generated 16/11/2017 
    30                           ; 
    31                           ; SFR Addresses
    32  0000                     
    33                           	psect	text0
    34  0000                     __ptext0:		;_read_flag
    35  000E                     _PORTC	set	14
    36  000D                     _PORTB	set	13
    37  000C                     _PORTA	set	12
    38  006D                     _RB5	set	109
    39  006B                     _RB3	set	107
    40  006A                     _RB2	set	106
    41  0069                     _RB1	set	105
    42  0068                     _RB0	set	104
    43  0067                     _RA7	set	103
    44  0066                     _RA6	set	102
    45  0099                     _OSCCON	set	153
    46  008E                     _TRISC	set	142
    47  008D                     _TRISB	set	141
    48  008C                     _TRISA	set	140
    49  011B                     _PSRC1	set	283
    50  011A                     _PSRC0	set	282
    51  019C                     _PSINK2	set	412
    52  019B                     _PSINK1	set	411
    53  019A                     _PSINK0	set	410
    54  0197                     _ANSELA	set	407
    55  018E                     _WPUC	set	398
    56  018D                     _WPUB	set	397
    57  018C                     _WPUA	set	396
    58  020E                     _WPDC	set	526
    59  020D                     _WPDB	set	525
    60  020C                     _WPDA	set	524
    61                           
    62                           	psect	cinit
    63  0421                     start_initialization:	
    64                           ; #config settings
    65                           
    66  0421                     __initialization:	
    67  0421                     end_of_initialization:	
    68                           ;End of C runtime variable initialization code
    69                           
    70  0421                     __end_of__initialization:	
    71  0421  107E               	bcf	126,0	;clear compiler interrupt flag (level 1)
    72  0422  0020               	movlb	0
    73  0423  2C24               	ljmp	_main	;jump to C main() function
    74  0424                     __pmaintext:	
    75                           ; 1 bytes @ 0x5
    76 ;;
    77 ;;Main: autosize = 0, tempsize = 0, incstack = 0, save=0
    78 ;;
    79 ;; *************** function _main *****************
    80 ;; Defined at:
    81 ;;		line 169 in file "FT61F14x_LED.C"
    82 ;; Parameters:    Size  Location     Type
    83 ;;		None
    84 ;; Auto vars:     Size  Location     Type
    85 ;;		None
    86 ;; Return value:  Size  Location     Type
    87 ;;                  1    wreg      void 
    88 ;; Registers used:
    89 ;;		wreg, status,2, status,0, pclath, cstack
    90 ;; Tracked objects:
    91 ;;		On entry : B1F/0
    92 ;;		On exit  : 0/0
    93 ;;		Unchanged: 0/0
    94 ;; Data sizes:     COMMON   BANK0   BANK1   BANK2   BANK3   BANK4   BANK5   BANK6
    95 ;;      Params:         0       0       0       0       0       0       0       0
    96 ;;      Locals:         0       0       0       0       0       0       0       0
    97 ;;      Temps:          0       0       0       0       0       0       0       0
    98 ;;      Totals:         0       0       0       0       0       0       0       0
    99 ;;Total ram usage:        0 bytes
   100 ;; Hardware stack levels required when called:    4
   101 ;; This function calls:
   102 ;;		_DelayMs
   103 ;;		_POWER_INITIAL
   104 ;; This function is called by:
   105 ;;		Startup code after reset
   106 ;; This function uses a non-reentrant model
   107 ;;
   108                           
   109                           
   110                           ;psect for function _main
   111  0424                     _main:	
   112                           
   113                           ;FT61F14x_LED.C: 172: POWER_INITIAL();
   114                           
   115                           ;incstack = 0
   116                           ; Regs used in _main: [wreg+status,2+status,0+pclath+cstack]
   117  0424  24C7  3184         	fcall	_POWER_INITIAL
   118                           
   119                           ;FT61F14x_LED.C: 174: DelayMs(5);
   120  0426  3005               	movlw	5
   121  0427                     L1:	
   122  0427  24AD  3184         	fcall	_DelayMs
   123                           
   124                           ;FT61F14x_LED.C: 178: {
   125                           ;FT61F14x_LED.C: 179: RB5=0;
   126  0429  0020               	movlb	0	; select bank0
   127  042A  128D               	bcf	13,5	;volatile
   128                           
   129                           ;FT61F14x_LED.C: 180: DelayMs(200);
   130  042B  30C8               	movlw	200
   131  042C  24AD  3184         	fcall	_DelayMs
   132                           
   133                           ;FT61F14x_LED.C: 181: DelayMs(200);
   134  042E  30C8               	movlw	200
   135  042F  24AD  3184         	fcall	_DelayMs
   136                           
   137                           ;FT61F14x_LED.C: 182: DelayMs(200);
   138  0431  30C8               	movlw	200
   139  0432  24AD  3184         	fcall	_DelayMs
   140                           
   141                           ;FT61F14x_LED.C: 183: DelayMs(200);
   142  0434  30C8               	movlw	200
   143  0435  24AD  3184         	fcall	_DelayMs
   144                           
   145                           ;FT61F14x_LED.C: 184: RB5=1;
   146  0437  0020               	movlb	0	; select bank0
   147  0438  168D               	bsf	13,5	;volatile
   148                           
   149                           ;FT61F14x_LED.C: 185: DelayMs(200);
   150  0439  30C8               	movlw	200
   151  043A  24AD  3184         	fcall	_DelayMs
   152                           
   153                           ;FT61F14x_LED.C: 187: RB3=0;
   154  043C  0020               	movlb	0	; select bank0
   155  043D  118D               	bcf	13,3	;volatile
   156                           
   157                           ;FT61F14x_LED.C: 188: DelayMs(200);
   158  043E  30C8               	movlw	200
   159  043F  24AD  3184         	fcall	_DelayMs
   160                           
   161                           ;FT61F14x_LED.C: 189: DelayMs(200);
   162  0441  30C8               	movlw	200
   163  0442  24AD  3184         	fcall	_DelayMs
   164                           
   165                           ;FT61F14x_LED.C: 190: DelayMs(200);
   166  0444  30C8               	movlw	200
   167  0445  24AD  3184         	fcall	_DelayMs
   168                           
   169                           ;FT61F14x_LED.C: 191: DelayMs(200);
   170  0447  30C8               	movlw	200
   171  0448  24AD  3184         	fcall	_DelayMs
   172                           
   173                           ;FT61F14x_LED.C: 192: RB3=1;
   174  044A  0020               	movlb	0	; select bank0
   175  044B  158D               	bsf	13,3	;volatile
   176                           
   177                           ;FT61F14x_LED.C: 193: DelayMs(200);
   178  044C  30C8               	movlw	200
   179  044D  24AD  3184         	fcall	_DelayMs
   180                           
   181                           ;FT61F14x_LED.C: 196: RB2=0;
   182  044F  0020               	movlb	0	; select bank0
   183  0450  110D               	bcf	13,2	;volatile
   184                           
   185                           ;FT61F14x_LED.C: 197: DelayMs(200);
   186  0451  30C8               	movlw	200
   187  0452  24AD  3184         	fcall	_DelayMs
   188                           
   189                           ;FT61F14x_LED.C: 198: DelayMs(200);
   190  0454  30C8               	movlw	200
   191  0455  24AD  3184         	fcall	_DelayMs
   192                           
   193                           ;FT61F14x_LED.C: 199: DelayMs(200);
   194  0457  30C8               	movlw	200
   195  0458  24AD  3184         	fcall	_DelayMs
   196                           
   197                           ;FT61F14x_LED.C: 200: DelayMs(200);
   198  045A  30C8               	movlw	200
   199  045B  24AD  3184         	fcall	_DelayMs
   200                           
   201                           ;FT61F14x_LED.C: 201: RB2=1;
   202  045D  0020               	movlb	0	; select bank0
   203  045E  150D               	bsf	13,2	;volatile
   204                           
   205                           ;FT61F14x_LED.C: 202: DelayMs(200);
   206  045F  30C8               	movlw	200
   207  0460  24AD  3184         	fcall	_DelayMs
   208                           
   209                           ;FT61F14x_LED.C: 205: RB1=0;
   210  0462  0020               	movlb	0	; select bank0
   211  0463  108D               	bcf	13,1	;volatile
   212                           
   213                           ;FT61F14x_LED.C: 206: DelayMs(200);
   214  0464  30C8               	movlw	200
   215  0465  24AD  3184         	fcall	_DelayMs
   216                           
   217                           ;FT61F14x_LED.C: 207: DelayMs(200);
   218  0467  30C8               	movlw	200
   219  0468  24AD  3184         	fcall	_DelayMs
   220                           
   221                           ;FT61F14x_LED.C: 208: DelayMs(200);
   222  046A  30C8               	movlw	200
   223  046B  24AD  3184         	fcall	_DelayMs
   224                           
   225                           ;FT61F14x_LED.C: 209: DelayMs(200);
   226  046D  30C8               	movlw	200
   227  046E  24AD  3184         	fcall	_DelayMs
   228                           
   229                           ;FT61F14x_LED.C: 210: RB1=1;
   230  0470  0020               	movlb	0	; select bank0
   231  0471  148D               	bsf	13,1	;volatile
   232                           
   233                           ;FT61F14x_LED.C: 211: DelayMs(200);
   234  0472  30C8               	movlw	200
   235  0473  24AD  3184         	fcall	_DelayMs
   236                           
   237                           ;FT61F14x_LED.C: 214: RB0=0;
   238  0475  0020               	movlb	0	; select bank0
   239  0476  100D               	bcf	13,0	;volatile
   240                           
   241                           ;FT61F14x_LED.C: 215: DelayMs(200);
   242  0477  30C8               	movlw	200
   243  0478  24AD  3184         	fcall	_DelayMs
   244                           
   245                           ;FT61F14x_LED.C: 216: DelayMs(200);
   246  047A  30C8               	movlw	200
   247  047B  24AD  3184         	fcall	_DelayMs
   248                           
   249                           ;FT61F14x_LED.C: 217: DelayMs(200);
   250  047D  30C8               	movlw	200
   251  047E  24AD  3184         	fcall	_DelayMs
   252                           
   253                           ;FT61F14x_LED.C: 218: DelayMs(200);
   254  0480  30C8               	movlw	200
   255  0481  24AD  3184         	fcall	_DelayMs
   256                           
   257                           ;FT61F14x_LED.C: 219: RB0=1;
   258  0483  0020               	movlb	0	; select bank0
   259  0484  140D               	bsf	13,0	;volatile
   260                           
   261                           ;FT61F14x_LED.C: 220: DelayMs(200);
   262  0485  30C8               	movlw	200
   263  0486  24AD  3184         	fcall	_DelayMs
   264                           
   265                           ;FT61F14x_LED.C: 224: RA6=0;
   266  0488  0020               	movlb	0	; select bank0
   267  0489  130C               	bcf	12,6	;volatile
   268                           
   269                           ;FT61F14x_LED.C: 225: DelayMs(200);
   270  048A  30C8               	movlw	200
   271  048B  24AD  3184         	fcall	_DelayMs
   272                           
   273                           ;FT61F14x_LED.C: 226: DelayMs(200);
   274  048D  30C8               	movlw	200
   275  048E  24AD  3184         	fcall	_DelayMs
   276                           
   277                           ;FT61F14x_LED.C: 227: DelayMs(200);
   278  0490  30C8               	movlw	200
   279  0491  24AD  3184         	fcall	_DelayMs
   280                           
   281                           ;FT61F14x_LED.C: 228: DelayMs(200);
   282  0493  30C8               	movlw	200
   283  0494  24AD  3184         	fcall	_DelayMs
   284                           
   285                           ;FT61F14x_LED.C: 229: RA6=1;
   286  0496  0020               	movlb	0	; select bank0
   287  0497  170C               	bsf	12,6	;volatile
   288                           
   289                           ;FT61F14x_LED.C: 230: DelayMs(200);
   290  0498  30C8               	movlw	200
   291  0499  24AD  3184         	fcall	_DelayMs
   292                           
   293                           ;FT61F14x_LED.C: 232: RA7=0;
   294  049B  0020               	movlb	0	; select bank0
   295  049C  138C               	bcf	12,7	;volatile
   296                           
   297                           ;FT61F14x_LED.C: 233: DelayMs(200);
   298  049D  30C8               	movlw	200
   299  049E  24AD  3184         	fcall	_DelayMs
   300                           
   301                           ;FT61F14x_LED.C: 234: DelayMs(200);
   302  04A0  30C8               	movlw	200
   303  04A1  24AD  3184         	fcall	_DelayMs
   304                           
   305                           ;FT61F14x_LED.C: 235: DelayMs(200);
   306  04A3  30C8               	movlw	200
   307  04A4  24AD  3184         	fcall	_DelayMs
   308                           
   309                           ;FT61F14x_LED.C: 236: DelayMs(200);
   310  04A6  30C8               	movlw	200
   311  04A7  24AD  3184         	fcall	_DelayMs
   312                           
   313                           ;FT61F14x_LED.C: 237: RA7=1;
   314  04A9  0020               	movlb	0	; select bank0
   315  04AA  178C               	bsf	12,7	;volatile
   316                           
   317                           ;FT61F14x_LED.C: 238: DelayMs(200);
   318  04AB  30C8               	movlw	200
   319  04AC  2C27               	goto	L1
   320  04AD                     __end_of_main:	
   321  04AD                     __ptext2:	
   322 ;; *************** function _DelayMs *****************
   323 ;; Defined at:
   324 ;;		line 150 in file "FT61F14x_LED.C"
   325 ;; Parameters:    Size  Location     Type
   326 ;;  Time            1    wreg     unsigned char 
   327 ;; Auto vars:     Size  Location     Type
   328 ;;  Time            1    2[COMMON] unsigned char 
   329 ;;  b               1    4[COMMON] unsigned char 
   330 ;;  a               1    3[COMMON] unsigned char 
   331 ;; Return value:  Size  Location     Type
   332 ;;                  1    wreg      void 
   333 ;; Registers used:
   334 ;;		wreg, status,2, status,0, pclath, cstack
   335 ;; Tracked objects:
   336 ;;		On entry : 0/3
   337 ;;		On exit  : 0/0
   338 ;;		Unchanged: 0/0
   339 ;; Data sizes:     COMMON   BANK0   BANK1   BANK2   BANK3   BANK4   BANK5   BANK6
   340 ;;      Params:         0       0       0       0       0       0       0       0
   341 ;;      Locals:         3       0       0       0       0       0       0       0
   342 ;;      Temps:          0       0       0       0       0       0       0       0
   343 ;;      Totals:         3       0       0       0       0       0       0       0
   344 ;;Total ram usage:        3 bytes
   345 ;; Hardware stack levels used:    1
   346 ;; Hardware stack levels required when called:    3
   347 ;; This function calls:
   348 ;;		_DelayUs
   349 ;; This function is called by:
   350 ;;		_main
   351 ;; This function uses a non-reentrant model
   352 ;;
   353                           
   354                           
   355                           ;psect for function _DelayMs
   356  04AD                     _DelayMs:	
   357                           
   358                           ;incstack = 0
   359                           ; Regs used in _DelayMs: [wreg+status,2+status,0+pclath+cstack]
   360                           ;DelayMs@Time stored from wreg
   361  04AD  00F4               	movwf	DelayMs@Time
   362                           
   363                           ;FT61F14x_LED.C: 152: unsigned char a,b;
   364                           ;FT61F14x_LED.C: 153: for(a=0;a<Time;a++)
   365  04AE  01F5               	clrf	DelayMs@a
   366  04AF                     l2088:	
   367  04AF  0874               	movf	DelayMs@Time,w
   368  04B0  0275               	subwf	DelayMs@a,w
   369  04B1  1803               	btfsc	3,0
   370  04B2  0008               	return
   371                           
   372                           ;FT61F14x_LED.C: 154: {
   373                           ;FT61F14x_LED.C: 155: for(b=0;b<5;b++)
   374  04B3  01F6               	clrf	DelayMs@b
   375  04B4                     l2080:	
   376                           
   377                           ;FT61F14x_LED.C: 156: {
   378                           ;FT61F14x_LED.C: 157: DelayUs(197);
   379  04B4  30C5               	movlw	197
   380  04B5  24BE  3184         	fcall	_DelayUs
   381  04B7  3005               	movlw	5
   382  04B8  0AF6               	incf	DelayMs@b,f
   383  04B9  0276               	subwf	DelayMs@b,w
   384  04BA  1C03               	skipc
   385  04BB  2CB4               	goto	l2080
   386  04BC  0AF5               	incf	DelayMs@a,f
   387  04BD  2CAF               	goto	l2088
   388  04BE                     __end_of_DelayMs:	
   389  04BE                     __ptext3:	
   390 ;; *************** function _DelayUs *****************
   391 ;; Defined at:
   392 ;;		line 136 in file "FT61F14x_LED.C"
   393 ;; Parameters:    Size  Location     Type
   394 ;;  Time            1    wreg     unsigned char 
   395 ;; Auto vars:     Size  Location     Type
   396 ;;  Time            1    0[COMMON] unsigned char 
   397 ;;  a               1    1[COMMON] unsigned char 
   398 ;; Return value:  Size  Location     Type
   399 ;;                  1    wreg      void 
   400 ;; Registers used:
   401 ;;		wreg, status,2, status,0
   402 ;; Tracked objects:
   403 ;;		On entry : 0/3
   404 ;;		On exit  : 0/0
   405 ;;		Unchanged: 0/0
   406 ;; Data sizes:     COMMON   BANK0   BANK1   BANK2   BANK3   BANK4   BANK5   BANK6
   407 ;;      Params:         0       0       0       0       0       0       0       0
   408 ;;      Locals:         2       0       0       0       0       0       0       0
   409 ;;      Temps:          0       0       0       0       0       0       0       0
   410 ;;      Totals:         2       0       0       0       0       0       0       0
   411 ;;Total ram usage:        2 bytes
   412 ;; Hardware stack levels used:    1
   413 ;; Hardware stack levels required when called:    2
   414 ;; This function calls:
   415 ;;		Nothing
   416 ;; This function is called by:
   417 ;;		_DelayMs
   418 ;; This function uses a non-reentrant model
   419 ;;
   420                           
   421                           
   422                           ;psect for function _DelayUs
   423  04BE                     _DelayUs:	
   424                           
   425                           ;incstack = 0
   426                           ; Regs used in _DelayUs: [wreg+status,2+status,0]
   427                           ;DelayUs@Time stored from wreg
   428  04BE  00F2               	movwf	DelayUs@Time
   429                           
   430                           ;FT61F14x_LED.C: 138: unsigned char a;
   431                           ;FT61F14x_LED.C: 139: for(a=0;a<Time;a++)
   432  04BF  01F3               	clrf	DelayUs@a
   433  04C0                     l2034:	
   434  04C0  0872               	movf	DelayUs@Time,w
   435  04C1  0273               	subwf	DelayUs@a,w
   436  04C2  1803               	btfsc	3,0
   437  04C3  0008               	return
   438                           
   439                           ;FT61F14x_LED.C: 140: {
   440                           ;FT61F14x_LED.C: 141: __nop();
   441  04C4  0000               	nop
   442  04C5  0AF3               	incf	DelayUs@a,f
   443  04C6  2CC0               	goto	l2034
   444  04C7                     __end_of_DelayUs:	
   445  04C7                     __ptext1:	
   446 ;; *************** function _POWER_INITIAL *****************
   447 ;; Defined at:
   448 ;;		line 85 in file "FT61F14x_LED.C"
   449 ;; Parameters:    Size  Location     Type
   450 ;;		None
   451 ;; Auto vars:     Size  Location     Type
   452 ;;		None
   453 ;; Return value:  Size  Location     Type
   454 ;;                  1    wreg      void 
   455 ;; Registers used:
   456 ;;		wreg, status,2
   457 ;; Tracked objects:
   458 ;;		On entry : B1F/0
   459 ;;		On exit  : B1F/3
   460 ;;		Unchanged: B00/0
   461 ;; Data sizes:     COMMON   BANK0   BANK1   BANK2   BANK3   BANK4   BANK5   BANK6
   462 ;;      Params:         0       0       0       0       0       0       0       0
   463 ;;      Locals:         0       0       0       0       0       0       0       0
   464 ;;      Temps:          0       0       0       0       0       0       0       0
   465 ;;      Totals:         0       0       0       0       0       0       0       0
   466 ;;Total ram usage:        0 bytes
   467 ;; Hardware stack levels used:    1
   468 ;; Hardware stack levels required when called:    2
   469 ;; This function calls:
   470 ;;		Nothing
   471 ;; This function is called by:
   472 ;;		_main
   473 ;; This function uses a non-reentrant model
   474 ;;
   475                           
   476                           
   477                           ;psect for function _POWER_INITIAL
   478  04C7                     _POWER_INITIAL:	
   479                           
   480                           ;FT61F14x_LED.C: 87: OSCCON = 0B01110001;
   481                           
   482                           ;incstack = 0
   483                           ; Regs used in _POWER_INITIAL: [wreg+status,2]
   484  04C7  3071               	movlw	113
   485  04C8  0021               	movlb	1	; select bank1
   486  04C9  0099               	movwf	25	;volatile
   487                           
   488                           ;FT61F14x_LED.C: 96: PORTA = 0B11111111;
   489  04CA  30FF               	movlw	255
   490  04CB  0020               	movlb	0	; select bank0
   491  04CC  008C               	movwf	12	;volatile
   492                           
   493                           ;FT61F14x_LED.C: 97: TRISA = 0B00000100;
   494  04CD  3004               	movlw	4
   495  04CE  0021               	movlb	1	; select bank1
   496  04CF  008C               	movwf	12	;volatile
   497                           
   498                           ;FT61F14x_LED.C: 98: PORTB = 0B10111111;
   499  04D0  30BF               	movlw	191
   500  04D1  0020               	movlb	0	; select bank0
   501  04D2  008D               	movwf	13	;volatile
   502                           
   503                           ;FT61F14x_LED.C: 99: TRISB = 0B00000000;
   504  04D3  0021               	movlb	1	; select bank1
   505  04D4  018D               	clrf	13	;volatile
   506                           
   507                           ;FT61F14x_LED.C: 100: PORTC = 0B00000011;
   508  04D5  3003               	movlw	3
   509  04D6  0020               	movlb	0	; select bank0
   510  04D7  008E               	movwf	14	;volatile
   511                           
   512                           ;FT61F14x_LED.C: 101: TRISC = 0B00000011;
   513  04D8  0021               	movlb	1	; select bank1
   514  04D9  008E               	movwf	14	;volatile
   515                           
   516                           ;FT61F14x_LED.C: 104: WPUA = 0B00000000;
   517  04DA  0023               	movlb	3	; select bank3
   518  04DB  018C               	clrf	12	;volatile
   519                           
   520                           ;FT61F14x_LED.C: 105: WPUB = 0B00000000;
   521  04DC  018D               	clrf	13	;volatile
   522                           
   523                           ;FT61F14x_LED.C: 106: WPUC = 0B00000000;
   524  04DD  018E               	clrf	14	;volatile
   525                           
   526                           ;FT61F14x_LED.C: 109: WPDA = 0B00000000;
   527  04DE  0024               	movlb	4	; select bank4
   528  04DF  018C               	clrf	12	;volatile
   529                           
   530                           ;FT61F14x_LED.C: 110: WPDB = 0B00000000;
   531  04E0  018D               	clrf	13	;volatile
   532                           
   533                           ;FT61F14x_LED.C: 111: WPDC = 0B00000000;
   534  04E1  018E               	clrf	14	;volatile
   535                           
   536                           ;FT61F14x_LED.C: 114: PSRC0 = 0B11111111;
   537  04E2  30FF               	movlw	255
   538  04E3  0022               	movlb	2	; select bank2
   539  04E4  009A               	movwf	26	;volatile
   540                           
   541                           ;FT61F14x_LED.C: 115: PSRC1 = 0B11111111;
   542  04E5  009B               	movwf	27	;volatile
   543                           
   544                           ;FT61F14x_LED.C: 118: PSINK0 = 0B11111111;
   545  04E6  0023               	movlb	3	; select bank3
   546  04E7  009A               	movwf	26	;volatile
   547                           
   548                           ;FT61F14x_LED.C: 119: PSINK1 = 0B11111111;
   549  04E8  009B               	movwf	27	;volatile
   550                           
   551                           ;FT61F14x_LED.C: 120: PSINK2 = 0B11111111;
   552  04E9  009C               	movwf	28	;volatile
   553                           
   554                           ;FT61F14x_LED.C: 123: ANSELA = 0B00000000;
   555  04EA  0197               	clrf	23	;volatile
   556  04EB  0008               	return
   557  04EC                     __end_of_POWER_INITIAL:	
   558                           
   559                           	psect	cstackCOMMON
   560  0072                     __pcstackCOMMON:	
   561  0072                     ?_user_isr:	
   562  0072                     ??_user_isr:	
   563                           ; 1 bytes @ 0x0
   564                           
   565  0072                     ?_ISR:	
   566                           ; 1 bytes @ 0x0
   567                           
   568  0072                     ??_ISR:	
   569                           ; 1 bytes @ 0x0
   570                           
   571  0072                     ?_POWER_INITIAL:	
   572                           ; 1 bytes @ 0x0
   573                           
   574  0072                     ??_POWER_INITIAL:	
   575                           ; 1 bytes @ 0x0
   576                           
   577  0072                     ?_DelayUs:	
   578                           ; 1 bytes @ 0x0
   579                           
   580  0072                     ??_DelayUs:	
   581                           ; 1 bytes @ 0x0
   582                           
   583  0072                     ?_DelayMs:	
   584                           ; 1 bytes @ 0x0
   585                           
   586  0072                     ?_main:	
   587                           ; 1 bytes @ 0x0
   588                           
   589  0072                     DelayUs@Time:	
   590                           ; 1 bytes @ 0x0
   591                           
   592                           
   593                           ; 1 bytes @ 0x0
   594  0072                     	ds	1
   595  0073                     DelayUs@a:	
   596                           
   597                           ; 1 bytes @ 0x1
   598  0073                     	ds	1
   599  0074                     ??_DelayMs:	
   600  0074                     DelayMs@Time:	
   601                           ; 1 bytes @ 0x2
   602                           
   603                           
   604                           ; 1 bytes @ 0x2
   605  0074                     	ds	1
   606  0075                     DelayMs@a:	
   607                           
   608                           ; 1 bytes @ 0x3
   609  0075                     	ds	1
   610  0076                     DelayMs@b:	
   611                           
   612                           ; 1 bytes @ 0x4
   613  0076                     	ds	1
   614  0077                     ??_main:	
   615                           
   616                           	psect	intentry
   617  0404                     __pintentry:	
   618 ;; *************** function _ISR *****************
   619 ;; Defined at:
   620 ;;		line 42 in file "FT61F14x_LED.C"
   621 ;; Parameters:    Size  Location     Type
   622 ;;		None
   623 ;; Auto vars:     Size  Location     Type
   624 ;;		None
   625 ;; Return value:  Size  Location     Type
   626 ;;                  1    wreg      void 
   627 ;; Registers used:
   628 ;;		wreg, status,2, status,0, pclath, cstack
   629 ;; Tracked objects:
   630 ;;		On entry : 0/0
   631 ;;		On exit  : 1F/0
   632 ;;		Unchanged: 0/0
   633 ;; Data sizes:     COMMON   BANK0   BANK1   BANK2   BANK3   BANK4   BANK5   BANK6
   634 ;;      Params:         0       0       0       0       0       0       0       0
   635 ;;      Locals:         0       0       0       0       0       0       0       0
   636 ;;      Temps:          0       0       0       0       0       0       0       0
   637 ;;      Totals:         0       0       0       0       0       0       0       0
   638 ;;Total ram usage:        0 bytes
   639 ;; Hardware stack levels used:    1
   640 ;; Hardware stack levels required when called:    1
   641 ;; This function calls:
   642 ;;		_user_isr
   643 ;; This function is called by:
   644 ;;		Interrupt level 1
   645 ;; This function uses a non-reentrant model
   646 ;;
   647                           
   648  0404                     _ISR:	
   649                           
   650                           ;incstack = 0
   651  0404  147E               	bsf	126,0	;set compiler interrupt flag (level 1)
   652                           
   653                           ; Regs used in _ISR: [wreg+status,2+status,0+pclath+cstack]
   654  0405  3184               	pagesel	$
   655  0406  0000               	nop	; ;# 
   656  0407  0000               	nop	; ;# 
   657  0408  0000               	nop	; ;# 
   658  0409  0000               	nop	; ;# 
   659  040A  0000               	nop	; ;# 
   660  040B  0000               	nop	; ;# 
   661  040C  0000               	nop	; ;# 
   662  040D  0000               	nop	; ;# 
   663  040E  0000               	nop	; ;# 
   664  040F  0000               	nop	; ;# 
   665  0410  0000               	nop	; ;# 
   666  0411  0000               	nop	; ;# 
   667  0412  0000               	nop	; ;# 
   668  0413  0000               	nop	; ;# 
   669  0414  0000               	nop	; ;# 
   670  0415  0000               	nop	; ;# 
   671  0416  0000               	nop	; ;# 
   672  0417  0000               	nop	; ;# 
   673  0418  0000               	nop	; ;# 
   674  0419  0000               	nop	; ;# 
   675  041A  0000               	nop	; ;# 
   676                           
   677                           ;FT61F14x_LED.C: 67: user_isr();
   678  041B  3184  24EC         	fcall	_user_isr
   679  041D  107E               	bcf	126,0	;clear compiler interrupt flag (level 1)
   680  041E  0009               	retfie
   681  041F                     __end_of_ISR:	
   682                           
   683                           	psect	text5
   684  04EC                     __ptext5:	
   685 ;; *************** function _user_isr *****************
   686 ;; Defined at:
   687 ;;		line 69 in file "FT61F14x_LED.C"
   688 ;; Parameters:    Size  Location     Type
   689 ;;		None
   690 ;; Auto vars:     Size  Location     Type
   691 ;;  temp            1    0        unsigned char 
   692 ;; Return value:  Size  Location     Type
   693 ;;                  1    wreg      void 
   694 ;; Registers used:
   695 ;;		wreg
   696 ;; Tracked objects:
   697 ;;		On entry : 0/0
   698 ;;		On exit  : 1F/0
   699 ;;		Unchanged: 0/0
   700 ;; Data sizes:     COMMON   BANK0   BANK1   BANK2   BANK3   BANK4   BANK5   BANK6
   701 ;;      Params:         0       0       0       0       0       0       0       0
   702 ;;      Locals:         0       0       0       0       0       0       0       0
   703 ;;      Temps:          0       0       0       0       0       0       0       0
   704 ;;      Totals:         0       0       0       0       0       0       0       0
   705 ;;Total ram usage:        0 bytes
   706 ;; Hardware stack levels used:    1
   707 ;; This function calls:
   708 ;;		Nothing
   709 ;; This function is called by:
   710 ;;		_ISR
   711 ;; This function uses a non-reentrant model
   712 ;;
   713                           
   714                           
   715                           ;psect for function _user_isr
   716  04EC                     _user_isr:	
   717                           
   718                           ;FT61F14x_LED.C: 71: unsigned char temp;
   719                           ;FT61F14x_LED.C: 72: if(uart_rxnef==1)
   720                           
   721                           ;incstack = 0
   722                           ; Regs used in _user_isr: [wreg]
   723  04EC  0020               	movlb	0	; select bank0
   724  04ED  1DA0               	btfss	32,3
   725  04EE  0008               	return
   726                           
   727                           ;FT61F14x_LED.C: 73: {
   728                           ;FT61F14x_LED.C: 74: uart_rxnef = 0;
   729  04EF  11A0               	bcf	32,3
   730                           
   731                           ;FT61F14x_LED.C: 75: temp=iap_recdata;
   732  04F0  0822               	movf	34,w
   733  04F1  0008               	return
   734  04F2                     __end_of_user_isr:	
   735  007E                     btemp	set	126	;btemp
   736  007E                     int$flags	set	126
   737  007E                     wtemp0	set	126


Data Sizes:
    Strings     0
    Constant    0
    Data        0
    BSS         0
    Persistent  0
    Stack       0

Auto Spaces:
    Space          Size  Autos    Used
    COMMON           12      5       5
    BANK0            75      0       0
    BANK1            80      0       0
    BANK2            80      0       0
    BANK3            80      0       0
    BANK4            80      0       0
    BANK5            80      0       0
    BANK6            16      0       0

Pointer List with Targets:

    None.

Critical Paths under _main in COMMON

    _main->_DelayMs
    _DelayMs->_DelayUs

Critical Paths under _ISR in COMMON

    None.

Critical Paths under _main in BANK0

    None.

Critical Paths under _ISR in BANK0

    None.

Critical Paths under _main in BANK1

    None.

Critical Paths under _ISR in BANK1

    None.

Critical Paths under _main in BANK2

    None.

Critical Paths under _ISR in BANK2

    None.

Critical Paths under _main in BANK3

    None.

Critical Paths under _ISR in BANK3

    None.

Critical Paths under _main in BANK4

    None.

Critical Paths under _ISR in BANK4

    None.

Critical Paths under _main in BANK5

    None.

Critical Paths under _ISR in BANK5

    None.

Critical Paths under _main in BANK6

    None.

Critical Paths under _ISR in BANK6

    None.

Call Graph Tables:

 ---------------------------------------------------------------------------------
 (Depth) Function   	        Calls       Base Space   Used Autos Params    Refs
 ---------------------------------------------------------------------------------
 (0) _main                                                 0     0      0      90
                            _DelayMs
                      _POWER_INITIAL
 ---------------------------------------------------------------------------------
 (1) _POWER_INITIAL                                        0     0      0       0
 ---------------------------------------------------------------------------------
 (1) _DelayMs                                              3     3      0      90
                                              2 COMMON     3     3      0
                            _DelayUs
 ---------------------------------------------------------------------------------
 (2) _DelayUs                                              2     2      0      30
                                              0 COMMON     2     2      0
 ---------------------------------------------------------------------------------
 Estimated maximum stack depth 2
 ---------------------------------------------------------------------------------
 (Depth) Function   	        Calls       Base Space   Used Autos Params    Refs
 ---------------------------------------------------------------------------------
 (3) _ISR                                                  0     0      0       0
                           _user_isr
 ---------------------------------------------------------------------------------
 (4) _user_isr                                             1     1      0       0
 ---------------------------------------------------------------------------------
 Estimated maximum stack depth 4
 ---------------------------------------------------------------------------------

 Call Graph Graphs:

 _main (ROOT)
   _DelayMs
     _DelayUs
   _POWER_INITIAL

 _ISR (ROOT)
   _user_isr

 Address spaces:
Name               Size   Autos  Total    Cost      Usage
BIGRAM             1F0      0       0       0        0.0%
EEDATA              80      0       0       0        0.0%
NULL                 0      0       0       0        0.0%
CODE                 0      0       0       0        0.0%
BITCOMMON            C      0       0       1        0.0%
BITSFR0              0      0       0       1        0.0%
SFR0                 0      0       0       1        0.0%
COMMON               C      5       5       2       41.7%
BITSFR1              0      0       0       2        0.0%
SFR1                 0      0       0       2        0.0%
BITSFR2              0      0       0       3        0.0%
SFR2                 0      0       0       3        0.0%
STACK                0      0       0       3        0.0%
BITSFR3              0      0       0       4        0.0%
SFR3                 0      0       0       4        0.0%
ABS                  0      0       0       4        0.0%
BITBANK0            4B      0       0       5        0.0%
BITSFR4              0      0       0       5        0.0%
SFR4                 0      0       0       5        0.0%
BANK0               4B      0       0       6        0.0%
BITSFR5              0      0       0       6        0.0%
SFR5                 0      0       0       6        0.0%
BITBANK1            50      0       0       7        0.0%
BITSFR6              0      0       0       7        0.0%
SFR6                 0      0       0       7        0.0%
BANK1               50      0       0       8        0.0%
BITSFR7              0      0       0       8        0.0%
SFR7                 0      0       0       8        0.0%
BITBANK2            50      0       0       9        0.0%
BITSFR8              0      0       0       9        0.0%
SFR8                 0      0       0       9        0.0%
BANK2               50      0       0      10        0.0%
BITSFR9              0      0       0      10        0.0%
SFR9                 0      0       0      10        0.0%
BITBANK3            50      0       0      11        0.0%
BITSFR10             0      0       0      11        0.0%
SFR10                0      0       0      11        0.0%
BANK3               50      0       0      12        0.0%
BITSFR11             0      0       0      12        0.0%
SFR11                0      0       0      12        0.0%
BITBANK4            50      0       0      13        0.0%
BITSFR12             0      0       0      13        0.0%
SFR12                0      0       0      13        0.0%
BANK4               50      0       0      14        0.0%
BITSFR13             0      0       0      14        0.0%
SFR13                0      0       0      14        0.0%
BITBANK5            50      0       0      15        0.0%
BITSFR14             0      0       0      15        0.0%
SFR14                0      0       0      15        0.0%
BANK5               50      0       0      16        0.0%
BITSFR15             0      0       0      16        0.0%
SFR15                0      0       0      16        0.0%
BITBANK6            10      0       0      17        0.0%
BITSFR16             0      0       0      17        0.0%
SFR16                0      0       0      17        0.0%
BANK6               10      0       0      18        0.0%
BITSFR17             0      0       0      18        0.0%
SFR17                0      0       0      18        0.0%
BITSFR18             0      0       0      19        0.0%
SFR18                0      0       0      19        0.0%
DATA                 0      0       0      19        0.0%
BITSFR19             0      0       0      20        0.0%
SFR19                0      0       0      20        0.0%
BITSFR20             0      0       0      21        0.0%
SFR20                0      0       0      21        0.0%
BITSFR21             0      0       0      22        0.0%
SFR21                0      0       0      22        0.0%
BITSFR22             0      0       0      23        0.0%
SFR22                0      0       0      23        0.0%
BITSFR23             0      0       0      24        0.0%
SFR23                0      0       0      24        0.0%
BITSFR24             0      0       0      25        0.0%
SFR24                0      0       0      25        0.0%
BITSFR25             0      0       0      26        0.0%
SFR25                0      0       0      26        0.0%
BITSFR26             0      0       0      27        0.0%
SFR26                0      0       0      27        0.0%
BITSFR27             0      0       0      28        0.0%
SFR27                0      0       0      28        0.0%
BITSFR28             0      0       0      29        0.0%
SFR28                0      0       0      29        0.0%
BITSFR29             0      0       0      30        0.0%
SFR29                0      0       0      30        0.0%
BITSFR30             0      0       0      31        0.0%
SFR30                0      0       0      31        0.0%
BITSFR31             0      0       0      32        0.0%
SFR31                0      0       0      32        0.0%


GNU Macro Assembler for 8 bit devices.     
Symbol Table                                                                                   Tue Nov 16 10:01:06 2021

                    _RB0 0068                      _RB1 0069                      _RB2 006A  
                    _RB3 006B                      _RA6 0066                      _RA7 0067  
                    _RB5 006D                      _ISR 0404                     ?_ISR 0072  
                   l2034 04C0                     l2080 04B4                     l2088 04AF  
                   _WPDA 020C                     _WPDB 020D                     _WPDC 020E  
                   _WPUA 018C                     _WPUB 018D                     _WPUC 018E  
                   _flag 0020                     _main 0424                     btemp 007E  
                   start 041F          __end_of_DelayMs 04BE          __end_of_DelayUs 04C7  
                  ??_ISR 0072                    ?_main 0072                    _CRC_H 0024  
                  _CRC_L 0023                    _PSRC0 011A                    _PSRC1 011B  
                  _PORTA 000C                    _PORTB 000D                    _PORTC 000E  
                  _TRISA 008C                    _TRISB 008D                    _TRISC 008E  
                  _W_TMP 0070                    _count 0021                    wtemp0 007E  
        __initialization 0421             __end_of_main 04AD                   ??_main 0077  
                 _ANSELA 0197                   _CRC_16 0023                ??_DelayMs 0074  
              ??_DelayUs 0072                   _OSCCON 0099                   _PSINK0 019A  
                 _PSINK1 019B                   _PSINK2 019C         __end_of_user_isr 04F2  
  __end_of_POWER_INITIAL 04EC  __end_of__initialization 0421           __pcstackCOMMON 0072  
             __pmaintext 0424               __pintentry 0404                  _BSR_TMP 0071  
                _DelayMs 04AD                  _DelayUs 04BE                ?_user_isr 0072  
                __ptext0 0000                  __ptext1 04C7                  __ptext2 04AD  
                __ptext3 04BE                  __ptext5 04EC             __size_of_ISR 001B  
           _iap_err_flag 0101     end_of_initialization 0421               ??_user_isr 0072  
             _uart_rxnef 0103      start_initialization 0421              __end_of_ISR 041F  
 __size_of_POWER_INITIAL 0025                ___latbits 0001                 ?_DelayMs 0072  
               ?_DelayUs 0072        __size_of_user_isr 0006                _read_flag 0100  
            _iap_ok_flag 0102              _iap_recdata 0022            _POWER_INITIAL 04C7  
               DelayMs@a 0075                 DelayMs@b 0076                 DelayUs@a 0073  
            DelayMs@Time 0074           ?_POWER_INITIAL 0072              DelayUs@Time 0072  
       __size_of_DelayMs 0011         __size_of_DelayUs 0009            __size_of_main 0089  
               int$flags 007E                 _user_isr 04EC          ??_POWER_INITIAL 0072  
               intlevel1 0000  
